  MyForm.cpp
C:\Users\Final\Desktop\Настенька\проект1\Project2\MyForm.h(1725,20): warning C4101: e: неиспользованная локальная переменная
C:\Users\Final\Desktop\Настенька\проект1\Project2\MyForm.h(1869,20): warning C4101: e: неиспользованная локальная переменная
C:\Users\Final\Desktop\Настенька\проект1\Project2\MyForm.h(2041,20): warning C4101: e: неиспользованная локальная переменная
C:\Users\Final\Desktop\Настенька\проект1\Project2\MyForm.h(2111,20): warning C4101: e: неиспользованная локальная переменная
C:\Users\Final\Desktop\Настенька\проект1\Project2\MyForm.h(2411,20): warning C4101: e: неиспользованная локальная переменная
C:\Users\Final\Desktop\Настенька\проект1\Project2\MyForm.h(2442,20): warning C4101: e: неиспользованная локальная переменная
C:\Users\Final\Desktop\Настенька\проект1\Project2\MyForm.h(2495,30): warning C4244: =: преобразование "double" в "int", возможна потеря данных
C:\Users\Final\Desktop\Настенька\проект1\Project2\MyForm.h(2497,30): warning C4244: =: преобразование "double" в "int", возможна потеря данных
C:\Users\Final\Desktop\Настенька\проект1\Project2\MyForm.h(2587,30): warning C4244: =: преобразование "double" в "int", возможна потеря данных
C:\Users\Final\Desktop\Настенька\проект1\Project2\MyForm.h(2606,21): warning C4244: =: преобразование "double" в "int", возможна потеря данных
C:\Users\Final\Desktop\Настенька\проект1\Project2\MyForm.h(2607,16): warning C4244: =: преобразование "double" в "int", возможна потеря данных
C:\Users\Final\Desktop\Настенька\проект1\Project2\MyForm.h(2711,36): warning C4244: =: преобразование "double" в "int", возможна потеря данных
C:\Users\Final\Desktop\Настенька\проект1\Project2\MyForm.h(2721,36): warning C4244: =: преобразование "double" в "int", возможна потеря данных
C:\Users\Final\Desktop\Настенька\проект1\Project2\MyForm.h(2731,36): warning C4244: =: преобразование "double" в "int", возможна потеря данных
C:\Users\Final\Desktop\Настенька\проект1\Project2\MyForm.h(2770,14): warning C4553: "==": результат выражения не используется; вы хотели использовать "="?
C:\Users\Final\Desktop\Настенька\проект1\Project2\MyForm.h(2789,14): warning C4553: "==": результат выражения не используется; вы хотели использовать "="?
C:\Users\Final\Desktop\Настенька\проект1\Project2\MyForm.h(2809,14): warning C4553: "==": результат выражения не используется; вы хотели использовать "="?
C:\Users\Final\Desktop\Настенька\проект1\Project2\MyForm.h(2821,1): warning C4305: =: усечение из "int" в "bool"
C:\Users\Final\Desktop\Настенька\проект1\Project2\MyForm.h(2923,20): warning C4101: e: неиспользованная локальная переменная
C:\Users\Final\Desktop\Настенька\проект1\Project2\MyForm.h(1795): warning C4700: использована неинициализированная локальная переменная "x1"
C:\Users\Final\Desktop\Настенька\проект1\Project2\MyForm.h(1811): warning C4700: использована неинициализированная локальная переменная "x1"
C:\Users\Final\Desktop\Настенька\проект1\Project2\MyForm.h(1905): warning C4700: использована неинициализированная локальная переменная "x1"
C:\Users\Final\Desktop\Настенька\проект1\Project2\MyForm.h(1922): warning C4700: использована неинициализированная локальная переменная "x1"
  MyForm.obj : обнаружен модуль MSIL; для MSIL последовательная компоновка отключена; выполняется полная компоновка
  Project2.vcxproj -> C:\Users\Final\Desktop\Настенька\проект1\x64\Debug\Project2.exe
